<?xml version="1.0" encoding="UTF-8"?>
<!-- Generated by org.testng.reporters.JUnitReportReporter -->
<testsuite hostname="Parsa" failures="0" tests="5" name="copstonetests.TestRunner" time="12.042" errors="0" timestamp="2023-04-24T22:49:09 EDT" skipped="0">
  <testcase classname="copstonetests.TestRunner" name="runScenario" time="4.136"/>
  <system-out/>
  <testcase classname="copstonetests.TestRunner" name="runScenario" time="1.615"/>
  <system-out/>
  <testcase classname="copstonetests.TestRunner" name="runScenario" time="1.946"/>
  <system-out/>
  <testcase classname="copstonetests.TestRunner" name="runScenario" time="2.290"/>
  <system-out/>
  <testcase classname="copstonetests.TestRunner" name="runScenario" time="2.055"/>
  <system-out/>
</testsuite> <!-- copstonetests.TestRunner -->
