<?xml version="1.0" encoding="UTF-8"?>
<!-- Generated by org.testng.reporters.JUnitReportReporter -->
<testsuite hostname="Parsa" failures="0" tests="1" name="copstonetests.scenario1Testscripts" time="0.009" errors="0" timestamp="2023-04-20T17:44:44 EDT" skipped="0">
  <testcase classname="copstonetests.scenario1Testscripts" name="user_in_loginpage_of_saucedemo" time="0.009"/>
  <system-out/>
</testsuite> <!-- copstonetests.scenario1Testscripts -->
